0 info it worked if it ends with ok
1 verbose cli [ 'C:\\Program Files\\nodejs\\node.exe',
1 verbose cli   'C:\\Program Files\\nodejs\\node_modules\\npm\\bin\\npm-cli.js',
1 verbose cli   'start' ]
2 info using npm@3.10.10
3 info using node@v6.10.2
4 verbose run-script [ 'prestart', 'start', 'poststart' ]
5 info lifecycle leaderboard@0.0.1~prestart: leaderboard@0.0.1
6 verbose lifecycle leaderboard@0.0.1~prestart: unsafe-perm in lifecycle true
7 verbose lifecycle leaderboard@0.0.1~prestart: PATH: C:\Program Files\nodejs\node_modules\npm\bin\node-gyp-bin;D:\leaderboard\node_modules\.bin;C:\WINDOWS\system32;C:\WINDOWS;C:\WINDOWS\System32\Wbem;C:\WINDOWS\System32\WindowsPowerShell\v1.0\;C:\Program Files (x86)\ATI Technologies\ATI.ACE\Core-Static;C:\Program Files (x86)\Skype\Phone\;C:\Program Files\nodejs\;C:\Program Files\Git\cmd;C:\Program Files\Git\mingw64\bin;C:\Program Files\Git\usr\bin;C:\Program Files\PuTTY\;C:\Users\boris.yordanov\AppData\Local\Microsoft\WindowsApps;C:\Users\boris.yordanov\AppData\Roaming\npm;C:\Users\boris.yordanov\AppData\Local\.meteor\
8 verbose lifecycle leaderboard@0.0.1~prestart: CWD: D:\leaderboard
9 silly lifecycle leaderboard@0.0.1~prestart: Args: [ '/d /s /c', 'npm install' ]
10 silly lifecycle leaderboard@0.0.1~prestart: Returned: code: 0  signal: null
11 info lifecycle leaderboard@0.0.1~start: leaderboard@0.0.1
12 verbose lifecycle leaderboard@0.0.1~start: unsafe-perm in lifecycle true
13 verbose lifecycle leaderboard@0.0.1~start: PATH: C:\Program Files\nodejs\node_modules\npm\bin\node-gyp-bin;D:\leaderboard\node_modules\.bin;C:\WINDOWS\system32;C:\WINDOWS;C:\WINDOWS\System32\Wbem;C:\WINDOWS\System32\WindowsPowerShell\v1.0\;C:\Program Files (x86)\ATI Technologies\ATI.ACE\Core-Static;C:\Program Files (x86)\Skype\Phone\;C:\Program Files\nodejs\;C:\Program Files\Git\cmd;C:\Program Files\Git\mingw64\bin;C:\Program Files\Git\usr\bin;C:\Program Files\PuTTY\;C:\Users\boris.yordanov\AppData\Local\Microsoft\WindowsApps;C:\Users\boris.yordanov\AppData\Roaming\npm;C:\Users\boris.yordanov\AppData\Local\.meteor\
14 verbose lifecycle leaderboard@0.0.1~start: CWD: D:\leaderboard
15 silly lifecycle leaderboard@0.0.1~start: Args: [ '/d /s /c', 'http-server ./app -a localhost -p 8000 -c-1' ]
16 silly lifecycle leaderboard@0.0.1~start: Returned: code: 3221225786  signal: null
17 info lifecycle leaderboard@0.0.1~start: Failed to exec start script
18 verbose stack Error: leaderboard@0.0.1 start: `http-server ./app -a localhost -p 8000 -c-1`
18 verbose stack Exit status 3221225786
18 verbose stack     at EventEmitter.<anonymous> (C:\Program Files\nodejs\node_modules\npm\lib\utils\lifecycle.js:255:16)
18 verbose stack     at emitTwo (events.js:106:13)
18 verbose stack     at EventEmitter.emit (events.js:191:7)
18 verbose stack     at ChildProcess.<anonymous> (C:\Program Files\nodejs\node_modules\npm\lib\utils\spawn.js:40:14)
18 verbose stack     at emitTwo (events.js:106:13)
18 verbose stack     at ChildProcess.emit (events.js:191:7)
18 verbose stack     at maybeClose (internal/child_process.js:886:16)
18 verbose stack     at Process.ChildProcess._handle.onexit (internal/child_process.js:226:5)
19 verbose pkgid leaderboard@0.0.1
20 verbose cwd D:\leaderboard
21 error Windows_NT 10.0.14393
22 error argv "C:\\Program Files\\nodejs\\node.exe" "C:\\Program Files\\nodejs\\node_modules\\npm\\bin\\npm-cli.js" "start"
23 error node v6.10.2
24 error npm  v3.10.10
25 error code ELIFECYCLE
26 error leaderboard@0.0.1 start: `http-server ./app -a localhost -p 8000 -c-1`
26 error Exit status 3221225786
27 error Failed at the leaderboard@0.0.1 start script 'http-server ./app -a localhost -p 8000 -c-1'.
27 error Make sure you have the latest version of node.js and npm installed.
27 error If you do, this is most likely a problem with the leaderboard package,
27 error not with npm itself.
27 error Tell the author that this fails on your system:
27 error     http-server ./app -a localhost -p 8000 -c-1
27 error You can get information on how to open an issue for this project with:
27 error     npm bugs leaderboard
27 error Or if that isn't available, you can get their info via:
27 error     npm owner ls leaderboard
27 error There is likely additional logging output above.
28 verbose exit [ 1, true ]
